<?xml version="1.0" encoding="UTF-8"?>
<testng-results skipped="0" failed="0" total="1" passed="1">
  <reporter-output>
  </reporter-output>
  <suite name="ua.pp.krotov.TestIntegration" duration-ms="38730" started-at="2016-10-12T12:29:42Z" finished-at="2016-10-12T12:30:20Z">
    <groups>
    </groups>
    <test name="Command line test" duration-ms="38730" started-at="2016-10-12T12:29:42Z" finished-at="2016-10-12T12:30:20Z">
      <class name="ua.pp.krotov.TestIntegration">
        <test-method status="PASS" signature="setUp()[pri:0, instance:ua.pp.krotov.TestIntegration@2c6a3f77]" name="setUp" is-config="true" duration-ms="14416" started-at="2016-10-12T15:29:42Z" finished-at="2016-10-12T15:29:56Z">
          <reporter-output>
          </reporter-output>
        </test-method> <!-- setUp -->
        <test-method status="PASS" signature="gotoSeleniumWikiPage()[pri:0, instance:ua.pp.krotov.TestIntegration@2c6a3f77]" name="gotoSeleniumWikiPage" duration-ms="17760" started-at="2016-10-12T15:29:56Z" finished-at="2016-10-12T15:30:14Z">
          <reporter-output>
          </reporter-output>
        </test-method> <!-- gotoSeleniumWikiPage -->
        <test-method status="PASS" signature="tearDown()[pri:0, instance:ua.pp.krotov.TestIntegration@2c6a3f77]" name="tearDown" is-config="true" duration-ms="6542" started-at="2016-10-12T15:30:14Z" finished-at="2016-10-12T15:30:20Z">
          <reporter-output>
          </reporter-output>
        </test-method> <!-- tearDown -->
      </class> <!-- ua.pp.krotov.TestIntegration -->
    </test> <!-- Command line test -->
  </suite> <!-- ua.pp.krotov.TestIntegration -->
</testng-results>
